<?xml version="1.0" encoding="UTF-8"?>
<testsuite xmlns:xsi="http://www.w3.org/2001/XMLSchema-instance" xsi:noNamespaceSchemaLocation="https://maven.apache.org/surefire/maven-surefire-plugin/xsd/surefire-test-report.xsd" version="3.0.2" name="ananditos.backendlogin.BackendLoginApplicationTests" time="103.016" tests="1" errors="0" skipped="0" failures="0" flakes="0">
  <properties>
[...]
</properties>
  <testcase name="contextLoads" classname="ananditos.backendlogin.BackendLoginApplicationTests" time="4.238">
    <system-out><![CDATA[21:18:26.515 [main] INFO org.springframework.test.context.support.AnnotationConfigContextLoaderUtils -- Could not detect default configuration classes for test class [ananditos.backendlogin.BackendLoginApplicationTests]: BackendLoginApplicationTests does not declare any static, non-private, non-final, nested classes annotated with @Configuration.
21:18:28.606 [main] INFO org.springframework.boot.test.context.SpringBootTestContextBootstrapper -- Found @SpringBootConfiguration ananditos.backendlogin.BackendLoginApplication for test class ananditos.backendlogin.BackendLoginApplicationTests
21:18:31.224 [main] INFO org.springframework.test.context.support.AnnotationConfigContextLoaderUtils -- Could not detect default configuration classes for test class [ananditos.backendlogin.BackendLoginApplicationTests]: BackendLoginApplicationTests does not declare any static, non-private, non-final, nested classes annotated with @Configuration.
21:18:31.243 [main] INFO org.springframework.boot.test.context.SpringBootTestContextBootstrapper -- Found @SpringBootConfiguration ananditos.backendlogin.BackendLoginApplication for test class ananditos.backendlogin.BackendLoginApplicationTests
21:18:31.960 [main] INFO org.springframework.boot.devtools.restart.RestartApplicationListener -- Restart disabled due to context in which it is running

  .   ____          _            __ _ _
 /\\ / ___'_ __ _ _(_)_ __  __ _ \ \ \ \
( ( )\___ | '_ | '_| | '_ \/ _` | \ \ \ \
 \\/  ___)| |_)| | | | | || (_| |  ) ) ) )
  '  |____| .__|_| |_|_| |_\__, | / / / /
 =========|_|==============|___/=/_/_/_/

 :: Spring Boot ::                (v4.0.6)

2026-06-09T21:18:33.640-03:00  INFO 8776 --- [backend-login] [           main] a.b.BackendLoginApplicationTests         : Starting BackendLoginApplicationTests using Java 25.0.2 with PID 8776 (started by rodrigo.neiland in C:\Users\rodrigo.neiland\OneDrive - ESPM\Documentos\3sem\inter-3sem-2026-ananditos)
2026-06-09T21:18:33.653-03:00  INFO 8776 --- [backend-login] [           main] a.b.BackendLoginApplicationTests         : No active profile set, falling back to 1 default profile: "default"
2026-06-09T21:19:12.909-03:00  INFO 8776 --- [backend-login] [           main] .s.d.r.c.RepositoryConfigurationDelegate : Bootstrapping Spring Data JPA repositories in DEFAULT mode.
2026-06-09T21:19:15.307-03:00  INFO 8776 --- [backend-login] [           main] .s.d.r.c.RepositoryConfigurationDelegate : Finished Spring Data repository scanning in 2218 ms. Found 1 JPA repository interface.
2026-06-09T21:19:22.527-03:00  INFO 8776 --- [backend-login] [           main] org.hibernate.orm.jpa                    : HHH008540: Processing PersistenceUnitInfo [name: default]
2026-06-09T21:19:26.537-03:00  INFO 8776 --- [backend-login] [           main] org.hibernate.orm.core                   : HHH000001: Hibernate ORM core version 7.2.12.Final
2026-06-09T21:19:34.428-03:00  INFO 8776 --- [backend-login] [           main] o.s.o.j.p.SpringPersistenceUnitInfo      : No LoadTimeWeaver setup: ignoring JPA class transformer
2026-06-09T21:19:36.038-03:00  INFO 8776 --- [backend-login] [           main] com.zaxxer.hikari.HikariDataSource       : HikariPool-1 - Starting...
2026-06-09T21:19:38.836-03:00  INFO 8776 --- [backend-login] [           main] com.zaxxer.hikari.pool.HikariPool        : HikariPool-1 - Added connection conn0: url=jdbc:h2:mem:backendlogin user=SA
2026-06-09T21:19:38.844-03:00  INFO 8776 --- [backend-login] [           main] com.zaxxer.hikari.HikariDataSource       : HikariPool-1 - Start completed.
2026-06-09T21:19:39.708-03:00  INFO 8776 --- [backend-login] [           main] org.hibernate.orm.connections.pooling    : HHH10001005: Database info:
	Database JDBC URL [jdbc:h2:mem:backendlogin]
	Database driver: H2 JDBC Driver
	Database dialect: H2Dialect
	Database version: 2.4.240
	Default catalog/schema: BACKENDLOGIN/PUBLIC
	Autocommit mode: undefined/unknown
	Isolation level: READ_COMMITTED [default READ_COMMITTED]
	JDBC fetch size: 100
	Pool: DataSourceConnectionProvider
	Minimum pool size: undefined/unknown
	Maximum pool size: undefined/unknown
2026-06-09T21:19:47.254-03:00  INFO 8776 --- [backend-login] [           main] org.hibernate.orm.core                   : HHH000489: No JTA platform available (set 'hibernate.transaction.jta.platform' to enable JTA platform integration)
Hibernate: 
    create table usuarios (
        id bigint generated by default as identity,
        email varchar(255) not null,
        nome varchar(100) not null,
        senha varchar(255) not null,
        primary key (id)
    )
Hibernate: 
    alter table if exists usuarios 
       drop constraint if exists UKkfsp0s1tflm1cwlj8idhqsad0
Hibernate: 
    alter table if exists usuarios 
       add constraint UKkfsp0s1tflm1cwlj8idhqsad0 unique (email)
2026-06-09T21:19:47.933-03:00  INFO 8776 --- [backend-login] [           main] j.LocalContainerEntityManagerFactoryBean : Initialized JPA EntityManagerFactory for persistence unit 'default'
2026-06-09T21:19:49.202-03:00  INFO 8776 --- [backend-login] [           main] o.s.d.j.r.query.QueryEnhancerFactories   : Hibernate is in classpath; If applicable, HQL parser will be used.
2026-06-09T21:19:55.628-03:00  WARN 8776 --- [backend-login] [           main] JpaBaseConfiguration$JpaWebConfiguration : spring.jpa.open-in-view is enabled by default. Therefore, database queries may be performed during view rendering. Explicitly configure spring.jpa.open-in-view to disable this warning
2026-06-09T21:19:56.722-03:00  INFO 8776 --- [backend-login] [           main] r$InitializeUserDetailsManagerConfigurer : Global AuthenticationManager configured with UserDetailsService bean with name users
2026-06-09T21:19:58.023-03:00  INFO 8776 --- [backend-login] [           main] o.s.b.w.a.WelcomePageHandlerMapping      : Adding welcome page: class path resource [static/index.html]
2026-06-09T21:20:02.175-03:00  INFO 8776 --- [backend-login] [           main] a.b.BackendLoginApplicationTests         : Started BackendLoginApplicationTests in 90.379 seconds (process running for 123.155)
2026-06-09T21:20:02.201-03:00  WARN 8776 --- [backend-login] [           main] o.s.core.events.SpringDocAppInitializer  : SpringDoc /v3/api-docs endpoint is enabled by default. To disable it in production, set the property 'springdoc.api-docs.enabled=false'
2026-06-09T21:20:02.202-03:00  WARN 8776 --- [backend-login] [           main] o.s.core.events.SpringDocAppInitializer  : SpringDoc /swagger-ui.html endpoint is enabled by default. To disable it in production, set the property 'springdoc.swagger-ui.enabled=false'
]]></system-out>
    <system-err><![CDATA[Mockito is currently self-attaching to enable the inline-mock-maker. This will no longer work in future releases of the JDK. Please add Mockito as an agent to your build as described in Mockito's documentation: https://javadoc.io/doc/org.mockito/mockito-core/latest/org.mockito/org/mockito/Mockito.html#0.3
WARNING: A Java agent has been loaded dynamically (C:\Users\rodrigo.neiland\.m2\repository\net\bytebuddy\byte-buddy-agent\1.17.8\byte-buddy-agent-1.17.8.jar)
WARNING: If a serviceability tool is in use, please run with -XX:+EnableDynamicAgentLoading to hide this warning
WARNING: If a serviceability tool is not in use, please run with -Djdk.instrument.traceUsage for more information
WARNING: Dynamic loading of agents will be disallowed by default in a future release
]]></system-err>
  </testcase>
</testsuite>